INFO 2024-06-04 14:50:02,806 [preprocessing.py:process_os:157] Starting OS highways processing...
INFO 2024-06-04 15:01:37,374 [preprocessing.py:process_os:157] Starting OS highways processing...
INFO 2024-06-04 15:02:25,406 [preprocessing.py:process_os:157] Starting OS highways processing...
INFO 2024-06-04 15:07:29,227 [preprocessing.py:process_os:157] Starting OS highways processing...
INFO 2024-06-04 15:25:59,865 [preprocessing.py:process_os:157] Starting OS highways processing...
INFO 2024-06-04 15:31:09,226 [<ipython-input-57-f6afe026c473>:process_os:157] Starting OS highways processing...
INFO 2024-06-04 15:32:42,865 [<ipython-input-59-d11e954d64b3>:process_os:158] Starting OS highways processing...
INFO 2024-06-04 15:35:35,769 [<ipython-input-60-d11e954d64b3>:process_os:158] Starting OS highways processing...
INFO 2024-06-04 15:39:22,686 [<ipython-input-61-3c5150407932>:process_os:158] Starting OS highways processing...
DEBUG 2024-06-04 15:45:03,352 [<ipython-input-61-3c5150407932>:process_os:166] Nodes saved to data/processed/osm/nodes.parquet
DEBUG 2024-06-04 15:45:17,851 [<ipython-input-61-3c5150407932>:process_os:168] Edges saved to data/processed/osm/edges.parquet
INFO 2024-06-05 09:05:05,991 [preprocessing.py:process_os:157] Starting OS highways processing...
INFO 2024-06-05 09:11:19,417 [preprocessing.py:process_os:157] Starting OS highways processing...
DEBUG 2024-06-05 09:16:55,905 [preprocessing.py:process_os:165] Nodes saved to data/processed/osm/nodes.parquet
DEBUG 2024-06-05 09:17:09,708 [preprocessing.py:process_os:167] Edges saved to data/processed/osm/edges.parquet
DEBUG 2024-06-05 09:19:26,215 [routing.py:fit:87] Routing complete for greenspace in 0.22 minutes, finding minimum distances.
INFO 2024-06-05 12:05:52,317 [preprocessing.py:process_os:157] Starting OS highways processing...
INFO 2024-06-05 12:07:26,975 [preprocessing.py:process_os:157] Starting OS highways processing...
DEBUG 2024-06-05 12:13:35,770 [preprocessing.py:process_os:165] Nodes saved to data/processed/osm/nodes.parquet
DEBUG 2024-06-05 12:13:53,148 [preprocessing.py:process_os:167] Edges saved to data/processed/osm/edges.parquet
DEBUG 2024-06-05 12:52:59,984 [routing.py:fit:87] Routing complete for greenspace in 34.31 minutes, finding minimum distances.
INFO 2024-06-06 08:19:51,082 [preprocessing.py:process_os:157] Starting OS highways processing...
DEBUG 2024-06-06 08:25:59,846 [preprocessing.py:process_os:165] Nodes saved to data/processed/osm/nodes.parquet
DEBUG 2024-06-06 08:26:16,947 [preprocessing.py:process_os:167] Edges saved to data/processed/osm/edges.parquet
INFO 2024-06-06 08:47:19,408 [preprocessing.py:process_os:157] Starting OS highways processing...
DEBUG 2024-06-06 08:53:09,883 [preprocessing.py:process_os:165] Nodes saved to data/processed/osm/nodes.parquet
DEBUG 2024-06-06 08:53:17,430 [preprocessing.py:process_os:167] Edges saved to data/processed/osm/edges.parquet
INFO 2024-06-06 14:43:27,974 [preprocessing.py:process_os:157] Starting OS highways processing...
DEBUG 2024-06-06 14:49:22,486 [preprocessing.py:process_os:165] Nodes saved to data/processed/osm/nodes.parquet
DEBUG 2024-06-06 14:49:30,093 [preprocessing.py:process_os:167] Edges saved to data/processed/osm/edges.parquet
INFO 2024-06-07 08:22:43,971 [preprocessing.py:process_os:152] Starting OS highways processing...
INFO 2024-06-07 08:26:55,314 [<ipython-input-21-b8de8ff1f553>:process_os:152] Starting OS highways processing...
DEBUG 2024-06-07 08:33:10,326 [<ipython-input-21-b8de8ff1f553>:process_os:167] Nodes saved to data/processed/osm/nodes.parquet
DEBUG 2024-06-07 08:33:19,768 [<ipython-input-21-b8de8ff1f553>:process_os:169] Edges saved to data/processed/osm/edges.parquet
INFO 2024-06-07 08:34:33,957 [preprocessing.py:process_os:152] Starting OS highways processing...
INFO 2024-06-07 08:37:43,868 [preprocessing.py:process_os:152] Starting OS highways processing...
DEBUG 2024-06-07 08:43:53,120 [preprocessing.py:process_os:167] Nodes saved to data/processed/osm/nodes.parquet
DEBUG 2024-06-07 08:43:54,045 [preprocessing.py:process_os:169] Edges saved to data/processed/osm/edges.parquet
DEBUG 2024-06-07 10:40:29,865 [routing.py:fit:100] Routing complete for greenspace in 0.36 minutes.
DEBUG 2024-06-07 10:42:37,337 [routing.py:fit:100] Routing complete for greenspace in 0.39 minutes.
DEBUG 2024-06-07 10:43:37,570 [routing.py:fit:100] Routing complete for greenspace in 0.19 minutes.
DEBUG 2024-06-07 10:47:43,949 [routing.py:fit:100] Routing complete for greenspace in 1.82 minutes.
DEBUG 2024-06-07 10:48:51,157 [routing.py:fit:100] Routing complete for greenspace in 0.22 minutes.
DEBUG 2024-06-07 10:55:11,024 [routing.py:fit:100] Routing complete for greenspace in 2.07 minutes.
DEBUG 2024-06-07 11:00:35,384 [routing.py:fit:100] Routing complete for greenspace in 2.15 minutes.
DEBUG 2024-06-07 11:43:38,982 [routing.py:fit:100] Routing complete for greenspace in 1.18 minutes.
DEBUG 2024-06-07 11:46:00,124 [routing.py:fit:100] Routing complete for greenspace in 0.24 minutes.
DEBUG 2024-06-07 11:50:07,908 [routing.py:fit:100] Routing complete for greenspace in 2.74 minutes.
DEBUG 2024-06-07 11:58:07,892 [routing.py:fit:100] Routing complete for greenspace in 3.79 minutes.
DEBUG 2024-06-07 12:01:11,197 [routing.py:fit:100] Routing complete for greenspace in 0.52 minutes.
DEBUG 2024-06-07 12:11:05,127 [routing.py:fit:100] Routing complete for greenspace in 0.42 minutes.
DEBUG 2024-06-07 12:24:19,071 [routing.py:fit:100] Routing complete for greenspace in 1.27 minutes.
DEBUG 2024-06-07 12:27:01,126 [routing.py:fit:100] Routing complete for greenspace in 0.43 minutes.
DEBUG 2024-06-07 12:31:31,160 [routing.py:fit:100] Routing complete for greenspace in 1.32 minutes.
DEBUG 2024-06-07 12:32:48,607 [routing.py:fit:100] Routing complete for greenspace in 0.41 minutes.
DEBUG 2024-06-07 12:37:47,800 [routing.py:fit:100] Routing complete for greenspace in 0.87 minutes.
DEBUG 2024-06-07 12:40:31,188 [routing.py:fit:100] Routing complete for greenspace in 2.15 minutes.
DEBUG 2024-06-07 12:45:20,572 [routing.py:fit:100] Routing complete for greenspace in 4.28 minutes.
DEBUG 2024-06-07 12:53:02,020 [routing.py:fit:100] Routing complete for greenspace in 1.73 minutes.
